The target system is: Generic -  - arm
The host system is: Linux - 4.19.2-arch1-1-ARCH - x86_64
Compiling the C compiler identification source file "CMakeCCompilerId.c" succeeded.
Compiler: /home/mark/cs7ns2/gcc-arm-none-eabi/bin/arm-none-eabi-gcc 
Build flags: 
Id flags: -c 

The output was:
0


Compilation of the C compiler identification source "CMakeCCompilerId.c" produced "CMakeCCompilerId.o"

The C compiler identification is GNU, found in "/home/mark/cs7ns2/team06/nrf52/build/CMakeFiles/3.12.4/CompilerIdC/CMakeCCompilerId.o"

Compiling the CXX compiler identification source file "CMakeCXXCompilerId.cpp" succeeded.
Compiler: /home/mark/cs7ns2/gcc-arm-none-eabi/bin/arm-none-eabi-g++ 
Build flags: 
Id flags: -c 

The output was:
0


Compilation of the CXX compiler identification source "CMakeCXXCompilerId.cpp" produced "CMakeCXXCompilerId.o"

The CXX compiler identification is GNU, found in "/home/mark/cs7ns2/team06/nrf52/build/CMakeFiles/3.12.4/CompilerIdCXX/CMakeCXXCompilerId.o"

Performing C SOURCE FILE Test toolchain_is_ok succeeded with the following output:
Change Dir: /home/mark/cs7ns2/team06/nrf52/build/CMakeFiles/CMakeTmp

Run Build Command:"/usr/bin/ninja" "cmTC_8813d"
[1/2] Building C object CMakeFiles/cmTC_8813d.dir/src.c.obj
[2/2] Linking C executable cmTC_8813d
/home/mark/cs7ns2/gcc-arm-none-eabi/bin/../lib/gcc/arm-none-eabi/7.3.1/../../../../arm-none-eabi/bin/ld: warning: cannot find entry symbol _start; defaulting to 0000000000008000

Source file was:
int main(void) { return 0; }
